<?xml version="1.0" encoding="UTF-8" ?>
<testsuite tests="7" failures="0" name="com.java.learning.junit_ecom.AppTest" time="0.054" errors="0" skipped="0">
  <properties>
    <property name="java.runtime.name" value="OpenJDK Runtime Environment"/>
    <property name="java.vm.version" value="17.0.1+12"/>
    <property name="sun.boot.library.path" value="/usr/eclipse/plugins/org.eclipse.justj.openjdk.hotspot.jre.full.linux.x86_64_17.0.1.v20211116-1657/jre/lib"/>
    <property name="maven.multiModuleProjectDirectory" value="/home/amitdahiya14390/eclipse-workspace-phase3/junit-ecom"/>
    <property name="java.vm.vendor" value="Eclipse Adoptium"/>
    <property name="java.vendor.url" value="https://adoptium.net/"/>
    <property name="path.separator" value=":"/>
    <property name="guice.disable.misplaced.annotation.check" value="true"/>
    <property name="java.vm.name" value="OpenJDK 64-Bit Server VM"/>
    <property name="sun.java.launcher" value="SUN_STANDARD"/>
    <property name="java.vm.specification.name" value="Java Virtual Machine Specification"/>
    <property name="user.dir" value="/home/amitdahiya14390/eclipse-workspace-phase3/junit-ecom"/>
    <property name="java.vm.compressedOopsMode" value="Zero based"/>
    <property name="java.runtime.version" value="17.0.1+12"/>
    <property name="os.arch" value="amd64"/>
    <property name="java.io.tmpdir" value="/tmp"/>
    <property name="line.separator" value="
"/>
    <property name="java.vm.specification.vendor" value="Oracle Corporation"/>
    <property name="os.name" value="Linux"/>
    <property name="classworlds.conf" value="/home/amitdahiya14390/eclipse-workspace-phase3/.metadata/.plugins/org.eclipse.m2e.launching/launches/m2conf7809933419033724456.tmp"/>
    <property name="sun.jnu.encoding" value="UTF-8"/>
    <property name="java.library.path" value="/usr/java/packages/lib:/usr/lib64:/lib64:/lib:/usr/lib"/>
    <property name="jdk.debug" value="release"/>
    <property name="java.class.version" value="61.0"/>
    <property name="java.specification.name" value="Java Platform API Specification"/>
    <property name="sun.management.compiler" value="HotSpot 64-Bit Tiered Compilers"/>
    <property name="os.version" value="5.15.0-1072-aws"/>
    <property name="user.home" value="/home/amitdahiya14390"/>
    <property name="user.timezone" value="Etc/UTC"/>
    <property name="file.encoding" value="UTF-8"/>
    <property name="java.specification.version" value="17"/>
    <property name="user.name" value="amitdahiya14390"/>
    <property name="java.class.path" value="/usr/eclipse/plugins/org.eclipse.m2e.maven.runtime_1.18.1.20211011-2139/jars/plexus-classworlds-2.6.0.jar"/>
    <property name="java.vm.specification.version" value="17"/>
    <property name="sun.arch.data.model" value="64"/>
    <property name="sun.java.command" value="org.codehaus.plexus.classworlds.launcher.Launcher -B test"/>
    <property name="java.home" value="/usr/eclipse/plugins/org.eclipse.justj.openjdk.hotspot.jre.full.linux.x86_64_17.0.1.v20211116-1657/jre"/>
    <property name="user.language" value="en"/>
    <property name="java.specification.vendor" value="Oracle Corporation"/>
    <property name="java.vm.info" value="mixed mode"/>
    <property name="java.version" value="17.0.1"/>
    <property name="native.encoding" value="UTF-8"/>
    <property name="securerandom.source" value="file:/dev/./urandom"/>
    <property name="java.vendor" value="Eclipse Adoptium"/>
    <property name="maven.home" value="/home/amitdahiya14390/eclipse-workspace-phase3/junit-ecom/EMBEDDED"/>
    <property name="file.separator" value="/"/>
    <property name="java.version.date" value="2021-10-19"/>
    <property name="java.vendor.url.bug" value="https://github.com/adoptium/adoptium-support/issues"/>
    <property name="sun.io.unicode.encoding" value="UnicodeLittle"/>
    <property name="sun.cpu.endian" value="little"/>
    <property name="java.vendor.version" value="Temurin-17.0.1+12"/>
  </properties>
  <testcase classname="com.java.learning.junit_ecom.AppTest" name="com.java.learning.junit_ecom.AppTest.testIncorrectPromoCode" time="0.003"/>
  <testcase classname="com.java.learning.junit_ecom.AppTest" name="com.java.learning.junit_ecom.AppTest.testAmountAfterDiscount" time="0"/>
  <testcase classname="com.java.learning.junit_ecom.AppTest" name="com.java.learning.junit_ecom.AppTest.testAmountAfterDiscountWithIncorrectPromoCode" time="0"/>
  <testcase classname="com.java.learning.junit_ecom.AppTest" name="com.java.learning.junit_ecom.AppTest.testAmountAfterDiscountWithTaxes" time="0"/>
  <testcase classname="com.java.learning.junit_ecom.AppTest" name="com.java.learning.junit_ecom.AppTest.testBasic" time="0"/>
  <testcase classname="com.java.learning.junit_ecom.AppTest" name="com.java.learning.junit_ecom.AppTest.testGroup" time="0.051"/>
  <testcase classname="com.java.learning.junit_ecom.AppTest" name="com.java.learning.junit_ecom.AppTest.testPromoCode" time="0"/>
</testsuite>